C:\Program Files (x86)\Microsoft Visual Studio\2019\Professional\MSBuild\Microsoft\VC\v160\Microsoft.CppBuild.targets(1091,5): warning MSB8027: Two or more files with the name of main.cpp will produce outputs to the same location. This can lead to an incorrect build result.  The files involved are cpp10-2(scope)\main.cpp, cpp10-3(scope2)\main.cpp.
  main.cpp
E:\GitHub\AllinoneCpp\baseCpp\baseCpp\cpp10-3(scope2)\main.cpp(1,1): warning C4828: The file contains a character starting at offset 0x8d that is illegal in the current source character set (codepage 65001).
E:\GitHub\AllinoneCpp\baseCpp\baseCpp\cpp10-3(scope2)\main.cpp(1,1): warning C4828: The file contains a character starting at offset 0x8e that is illegal in the current source character set (codepage 65001).
E:\GitHub\AllinoneCpp\baseCpp\baseCpp\cpp10-3(scope2)\main.cpp(1,1): warning C4828: The file contains a character starting at offset 0x8f that is illegal in the current source character set (codepage 65001).
E:\GitHub\AllinoneCpp\baseCpp\baseCpp\cpp10-3(scope2)\main.cpp(1,1): warning C4828: The file contains a character starting at offset 0x90 that is illegal in the current source character set (codepage 65001).
E:\GitHub\AllinoneCpp\baseCpp\baseCpp\cpp10-3(scope2)\main.cpp(1,1): warning C4828: The file contains a character starting at offset 0x91 that is illegal in the current source character set (codepage 65001).
E:\GitHub\AllinoneCpp\baseCpp\baseCpp\cpp10-3(scope2)\main.cpp(1,1): warning C4828: The file contains a character starting at offset 0x92 that is illegal in the current source character set (codepage 65001).
E:\GitHub\AllinoneCpp\baseCpp\baseCpp\cpp10-3(scope2)\main.cpp(1,1): warning C4828: The file contains a character starting at offset 0x93 that is illegal in the current source character set (codepage 65001).
E:\GitHub\AllinoneCpp\baseCpp\baseCpp\cpp10-3(scope2)\main.cpp(1,1): warning C4828: The file contains a character starting at offset 0x94 that is illegal in the current source character set (codepage 65001).
E:\GitHub\AllinoneCpp\baseCpp\baseCpp\cpp10-3(scope2)\main.cpp(1,1): warning C4828: The file contains a character starting at offset 0x98 that is illegal in the current source character set (codepage 65001).
E:\GitHub\AllinoneCpp\baseCpp\baseCpp\cpp10-3(scope2)\main.cpp(1,1): warning C4828: The file contains a character starting at offset 0x99 that is illegal in the current source character set (codepage 65001).
E:\GitHub\AllinoneCpp\baseCpp\baseCpp\cpp10-3(scope2)\main.cpp(1,1): warning C4828: The file contains a character starting at offset 0x9a that is illegal in the current source character set (codepage 65001).
E:\GitHub\AllinoneCpp\baseCpp\baseCpp\cpp10-3(scope2)\main.cpp(1,1): warning C4828: The file contains a character starting at offset 0x9f that is illegal in the current source character set (codepage 65001).
E:\GitHub\AllinoneCpp\baseCpp\baseCpp\cpp10-3(scope2)\main.cpp(1,1): warning C4828: The file contains a character starting at offset 0xa0 that is illegal in the current source character set (codepage 65001).
E:\GitHub\AllinoneCpp\baseCpp\baseCpp\cpp10-3(scope2)\main.cpp(1,1): warning C4828: The file contains a character starting at offset 0xa1 that is illegal in the current source character set (codepage 65001).
E:\GitHub\AllinoneCpp\baseCpp\baseCpp\cpp10-3(scope2)\main.cpp(1,1): warning C4828: The file contains a character starting at offset 0xa2 that is illegal in the current source character set (codepage 65001).
E:\GitHub\AllinoneCpp\baseCpp\baseCpp\cpp10-3(scope2)\main.cpp(1,1): warning C4828: The file contains a character starting at offset 0xa4 that is illegal in the current source character set (codepage 65001).
E:\GitHub\AllinoneCpp\baseCpp\baseCpp\cpp10-3(scope2)\main.cpp(1,1): warning C4828: The file contains a character starting at offset 0xa5 that is illegal in the current source character set (codepage 65001).
E:\GitHub\AllinoneCpp\baseCpp\baseCpp\cpp10-3(scope2)\main.cpp(1,1): warning C4828: The file contains a character starting at offset 0xa6 that is illegal in the current source character set (codepage 65001).
E:\GitHub\AllinoneCpp\baseCpp\baseCpp\cpp10-3(scope2)\main.cpp(1,1): warning C4828: The file contains a character starting at offset 0xa7 that is illegal in the current source character set (codepage 65001).
E:\GitHub\AllinoneCpp\baseCpp\baseCpp\cpp10-3(scope2)\main.cpp(1,1): warning C4828: The file contains a character starting at offset 0xc2 that is illegal in the current source character set (codepage 65001).
E:\GitHub\AllinoneCpp\baseCpp\baseCpp\cpp10-3(scope2)\main.cpp(1,1): warning C4828: The file contains a character starting at offset 0xc3 that is illegal in the current source character set (codepage 65001).
E:\GitHub\AllinoneCpp\baseCpp\baseCpp\cpp10-3(scope2)\main.cpp(1,1): warning C4828: The file contains a character starting at offset 0xc4 that is illegal in the current source character set (codepage 65001).
E:\GitHub\AllinoneCpp\baseCpp\baseCpp\cpp10-3(scope2)\main.cpp(1,1): warning C4828: The file contains a character starting at offset 0xc5 that is illegal in the current source character set (codepage 65001).
E:\GitHub\AllinoneCpp\baseCpp\baseCpp\cpp10-3(scope2)\main.cpp(1,1): warning C4828: The file contains a character starting at offset 0xc7 that is illegal in the current source character set (codepage 65001).
E:\GitHub\AllinoneCpp\baseCpp\baseCpp\cpp10-3(scope2)\main.cpp(1,1): warning C4828: The file contains a character starting at offset 0xc8 that is illegal in the current source character set (codepage 65001).
E:\GitHub\AllinoneCpp\baseCpp\baseCpp\cpp10-3(scope2)\main.cpp(1,1): warning C4828: The file contains a character starting at offset 0xc9 that is illegal in the current source character set (codepage 65001).
E:\GitHub\AllinoneCpp\baseCpp\baseCpp\cpp10-3(scope2)\main.cpp(1,1): warning C4828: The file contains a character starting at offset 0xca that is illegal in the current source character set (codepage 65001).
E:\GitHub\AllinoneCpp\baseCpp\baseCpp\cpp10-3(scope2)\main.cpp(1,1): warning C4828: The file contains a character starting at offset 0xcf that is illegal in the current source character set (codepage 65001).
E:\GitHub\AllinoneCpp\baseCpp\baseCpp\cpp10-3(scope2)\main.cpp(1,1): warning C4828: The file contains a character starting at offset 0xd0 that is illegal in the current source character set (codepage 65001).
E:\GitHub\AllinoneCpp\baseCpp\baseCpp\cpp10-3(scope2)\main.cpp(1,1): warning C4828: The file contains a character starting at offset 0xd1 that is illegal in the current source character set (codepage 65001).
E:\GitHub\AllinoneCpp\baseCpp\baseCpp\cpp10-3(scope2)\main.cpp(1,1): warning C4828: The file contains a character starting at offset 0xd2 that is illegal in the current source character set (codepage 65001).
E:\GitHub\AllinoneCpp\baseCpp\baseCpp\cpp10-3(scope2)\main.cpp(1,1): warning C4828: The file contains a character starting at offset 0xd4 that is illegal in the current source character set (codepage 65001).
E:\GitHub\AllinoneCpp\baseCpp\baseCpp\cpp10-3(scope2)\main.cpp(1,1): warning C4828: The file contains a character starting at offset 0xd5 that is illegal in the current source character set (codepage 65001).
E:\GitHub\AllinoneCpp\baseCpp\baseCpp\cpp10-3(scope2)\main.cpp(1,1): warning C4828: The file contains a character starting at offset 0xd6 that is illegal in the current source character set (codepage 65001).
E:\GitHub\AllinoneCpp\baseCpp\baseCpp\cpp10-3(scope2)\main.cpp(1,1): warning C4828: The file contains a character starting at offset 0xd7 that is illegal in the current source character set (codepage 65001).
E:\GitHub\AllinoneCpp\baseCpp\baseCpp\cpp10-3(scope2)\main.cpp(1,1): warning C4828: The file contains a character starting at offset 0xd8 that is illegal in the current source character set (codepage 65001).
E:\GitHub\AllinoneCpp\baseCpp\baseCpp\cpp10-3(scope2)\main.cpp(1,1): warning C4828: The file contains a character starting at offset 0xd9 that is illegal in the current source character set (codepage 65001).
E:\GitHub\AllinoneCpp\baseCpp\baseCpp\cpp10-3(scope2)\main.cpp(1,1): warning C4828: The file contains a character starting at offset 0xdb that is illegal in the current source character set (codepage 65001).
E:\GitHub\AllinoneCpp\baseCpp\baseCpp\cpp10-3(scope2)\main.cpp(1,1): warning C4828: The file contains a character starting at offset 0xdd that is illegal in the current source character set (codepage 65001).
E:\GitHub\AllinoneCpp\baseCpp\baseCpp\cpp10-3(scope2)\main.cpp(1,1): warning C4828: The file contains a character starting at offset 0xde that is illegal in the current source character set (codepage 65001).
E:\GitHub\AllinoneCpp\baseCpp\baseCpp\cpp10-3(scope2)\main.cpp(1,1): warning C4828: The file contains a character starting at offset 0xe1 that is illegal in the current source character set (codepage 65001).
E:\GitHub\AllinoneCpp\baseCpp\baseCpp\cpp10-3(scope2)\main.cpp(1,1): warning C4828: The file contains a character starting at offset 0xe2 that is illegal in the current source character set (codepage 65001).
E:\GitHub\AllinoneCpp\baseCpp\baseCpp\cpp10-3(scope2)\main.cpp(1,1): warning C4828: The file contains a character starting at offset 0xe3 that is illegal in the current source character set (codepage 65001).
E:\GitHub\AllinoneCpp\baseCpp\baseCpp\cpp10-3(scope2)\main.cpp(1,1): warning C4828: The file contains a character starting at offset 0xe4 that is illegal in the current source character set (codepage 65001).
E:\GitHub\AllinoneCpp\baseCpp\baseCpp\cpp10-3(scope2)\main.cpp(1,1): warning C4828: The file contains a character starting at offset 0xe6 that is illegal in the current source character set (codepage 65001).
E:\GitHub\AllinoneCpp\baseCpp\baseCpp\cpp10-3(scope2)\main.cpp(1,1): warning C4828: The file contains a character starting at offset 0xe8 that is illegal in the current source character set (codepage 65001).
E:\GitHub\AllinoneCpp\baseCpp\baseCpp\cpp10-3(scope2)\main.cpp(1,1): warning C4828: The file contains a character starting at offset 0xe9 that is illegal in the current source character set (codepage 65001).
E:\GitHub\AllinoneCpp\baseCpp\baseCpp\cpp10-3(scope2)\main.cpp(1,1): warning C4828: The file contains a character starting at offset 0xea that is illegal in the current source character set (codepage 65001).
E:\GitHub\AllinoneCpp\baseCpp\baseCpp\cpp10-3(scope2)\main.cpp(1,1): warning C4828: The file contains a character starting at offset 0xeb that is illegal in the current source character set (codepage 65001).
E:\GitHub\AllinoneCpp\baseCpp\baseCpp\cpp10-3(scope2)\main.cpp(1,1): warning C4828: The file contains a character starting at offset 0x102 that is illegal in the current source character set (codepage 65001).
E:\GitHub\AllinoneCpp\baseCpp\baseCpp\cpp10-3(scope2)\main.cpp(1,1): warning C4828: The file contains a character starting at offset 0x105 that is illegal in the current source character set (codepage 65001).
E:\GitHub\AllinoneCpp\baseCpp\baseCpp\cpp10-3(scope2)\main.cpp(1,1): warning C4828: The file contains a character starting at offset 0x107 that is illegal in the current source character set (codepage 65001).
E:\GitHub\AllinoneCpp\baseCpp\baseCpp\cpp10-3(scope2)\main.cpp(1,1): warning C4828: The file contains a character starting at offset 0x108 that is illegal in the current source character set (codepage 65001).
E:\GitHub\AllinoneCpp\baseCpp\baseCpp\cpp10-3(scope2)\main.cpp(1,1): warning C4828: The file contains a character starting at offset 0x109 that is illegal in the current source character set (codepage 65001).
E:\GitHub\AllinoneCpp\baseCpp\baseCpp\cpp10-3(scope2)\main.cpp(1,1): warning C4828: The file contains a character starting at offset 0x10a that is illegal in the current source character set (codepage 65001).
E:\GitHub\AllinoneCpp\baseCpp\baseCpp\cpp10-3(scope2)\main.cpp(1,1): warning C4828: The file contains a character starting at offset 0x10f that is illegal in the current source character set (codepage 65001).
E:\GitHub\AllinoneCpp\baseCpp\baseCpp\cpp10-3(scope2)\main.cpp(1,1): warning C4828: The file contains a character starting at offset 0x110 that is illegal in the current source character set (codepage 65001).
E:\GitHub\AllinoneCpp\baseCpp\baseCpp\cpp10-3(scope2)\main.cpp(1,1): warning C4828: The file contains a character starting at offset 0x111 that is illegal in the current source character set (codepage 65001).
E:\GitHub\AllinoneCpp\baseCpp\baseCpp\cpp10-3(scope2)\main.cpp(1,1): warning C4828: The file contains a character starting at offset 0x113 that is illegal in the current source character set (codepage 65001).
E:\GitHub\AllinoneCpp\baseCpp\baseCpp\cpp10-3(scope2)\main.cpp(1,1): warning C4828: The file contains a character starting at offset 0x114 that is illegal in the current source character set (codepage 65001).
E:\GitHub\AllinoneCpp\baseCpp\baseCpp\cpp10-3(scope2)\main.cpp(1,1): warning C4828: The file contains a character starting at offset 0x116 that is illegal in the current source character set (codepage 65001).
E:\GitHub\AllinoneCpp\baseCpp\baseCpp\cpp10-3(scope2)\main.cpp(1,1): warning C4828: The file contains a character starting at offset 0x118 that is illegal in the current source character set (codepage 65001).
E:\GitHub\AllinoneCpp\baseCpp\baseCpp\cpp10-3(scope2)\main.cpp(1,1): warning C4828: The file contains a character starting at offset 0x119 that is illegal in the current source character set (codepage 65001).
  baseCpp.vcxproj -> E:\GitHub\AllinoneCpp\baseCpp\x64\Debug\baseCpp.exe
